<?xml version="1.0" encoding="UTF-8"?>
<!-- Generated by org.testng.reporters.JUnitReportReporter -->
<testsuite hostname="DESKTOP-FI8UJG3" failures="0" tests="1" name="com.zerodha.kite.tests.KiteLoginPage1Validation" time="0.868" errors="0" timestamp="2022-04-05T14:28:49 IST" skipped="0">
  <testcase classname="com.zerodha.kite.tests.KiteLoginPage1Validation" name="verifyInvalidCredentialsErrorMessage" time="0.868"/>
  <system-out/>
</testsuite> <!-- com.zerodha.kite.tests.KiteLoginPage1Validation -->
