<?xml version="1.0" encoding="UTF-8"?>
<!-- Generated by org.testng.reporters.JUnitReportReporter -->
<testsuite hostname="DESKTOP-FI8UJG3" failures="0" tests="3" name="com.zerodha.kite.tests.KiteLoginTest" time="9.695" errors="0" timestamp="2022-04-09T18:57:21 IST" skipped="0">
  <testcase classname="com.zerodha.kite.tests.KiteLoginTest" name="verifyProfileMenuButton" time="2.869"/>
  <system-out/>
  <testcase classname="com.zerodha.kite.tests.KiteLoginTest" name="verifyLogoutButton" time="3.886"/>
  <system-out/>
  <testcase classname="com.zerodha.kite.tests.KiteLoginTest" name="verifyProfileName" time="2.940"/>
  <system-out/>
</testsuite> <!-- com.zerodha.kite.tests.KiteLoginTest -->
