<?xml version="1.0" encoding="UTF-8"?>
<!-- Generated by org.testng.reporters.JUnitReportReporter -->
<testsuite hostname="DESKTOP-FI8UJG3" failures="0" tests="1" name="com.zerodha.kite.tests.KiteLoginPagesValidation" time="0.645" errors="0" timestamp="2022-04-09T18:57:21 IST" skipped="0">
  <testcase classname="com.zerodha.kite.tests.KiteLoginPagesValidation" name="verifyInvalidCredentialsErrorMessage" time="0.645"/>
  <system-out/>
</testsuite> <!-- com.zerodha.kite.tests.KiteLoginPagesValidation -->
