<?xml version="1.0" encoding="UTF-8"?>
<!-- Generated by org.testng.reporters.JUnitReportReporter -->
<testsuite hostname="DESKTOP-FI8UJG3" failures="0" tests="3" name="com.zerodha.kite.tests.KiteLoginTest" time="17.188" errors="0" timestamp="2022-04-05T15:05:54 IST" skipped="0">
  <testcase classname="com.zerodha.kite.tests.KiteLoginTest" name="verifyLogoutButton" time="8.117"/>
  <system-out/>
  <testcase classname="com.zerodha.kite.tests.KiteLoginTest" name="verifyProfileName" time="4.869"/>
  <system-out/>
  <testcase classname="com.zerodha.kite.tests.KiteLoginTest" name="verifyProfileMenuButton" time="4.202"/>
  <system-out/>
</testsuite> <!-- com.zerodha.kite.tests.KiteLoginTest -->
