<?xml version="1.0" encoding="UTF-8"?>
<!-- Generated by org.testng.reporters.JUnitReportReporter -->
<testsuite hostname="DESKTOP-FI8UJG3" failures="0" tests="2" name="com.zerodha.kite.tests.KiteLoginPagesValidation" time="1.864" errors="0" timestamp="2022-04-05T15:05:54 IST" skipped="0">
  <testcase classname="com.zerodha.kite.tests.KiteLoginPagesValidation" name="verifyInvalidCredentialsErrorMessage" time="0.768"/>
  <system-out/>
  <testcase classname="com.zerodha.kite.tests.KiteLoginPagesValidation" name="verifyInvalidPinErrorMessage" time="1.096"/>
  <system-out/>
</testsuite> <!-- com.zerodha.kite.tests.KiteLoginPagesValidation -->
