<?xml version="1.0" encoding="UTF-8"?>
<!-- Generated by org.testng.reporters.JUnitReportReporter -->
<testsuite hostname="DESKTOP-FI8UJG3" failures="0" tests="3" name="com.zerodha.kite.tests.KiteLoginTest" time="10.346" errors="0" timestamp="2022-04-09T07:16:10 IST" skipped="0">
  <testcase classname="com.zerodha.kite.tests.KiteLoginTest" name="verifyLogoutButton" time="3.773"/>
  <system-out/>
  <testcase classname="com.zerodha.kite.tests.KiteLoginTest" name="verifyProfileMenuButton" time="3.465"/>
  <system-out/>
  <testcase classname="com.zerodha.kite.tests.KiteLoginTest" name="verifyProfileName" time="3.108"/>
  <system-out/>
</testsuite> <!-- com.zerodha.kite.tests.KiteLoginTest -->
